Output changed following CE verification
Input: PSK_CLIENT_HELLO PSK_CLIENT_HELLO PSK_CLIENT_KEY_EXCHANGE EMPTY_CERTIFICATE Alert(FATAL,UNEXPECTED_MESSAGE) PSK_CLIENT_KEY_EXCHANGE ECDH_CLIENT_HELLO CERTIFICATE CERTIFICATE ECDH_CLIENT_KEY_EXCHANGE ECDH_CLIENT_HELLO Alert(FATAL,UNEXPECTED_MESSAGE) APPLICATION Alert(WARNING,CLOSE_NOTIFY) APPLICATION CERTIFICATE Alert(WARNING,CLOSE_NOTIFY) APPLICATION Alert(FATAL,UNEXPECTED_MESSAGE) CERTIFICATE_VERIFY Alert(WARNING,CLOSE_NOTIFY) CHANGE_CIPHER_SPEC PSK_CLIENT_KEY_EXCHANGE APPLICATION ECDH_CLIENT_KEY_EXCHANGE PSK_CLIENT_KEY_EXCHANGE ECDH_CLIENT_HELLO FINISHED EMPTY_CERTIFICATE CERTIFICATE_VERIFY CHANGE_CIPHER_SPEC CHANGE_CIPHER_SPEC FINISHED PSK_CLIENT_KEY_EXCHANGE Alert(WARNING,CLOSE_NOTIFY) CERTIFICATE_VERIFY
Original output: CLIENT_HELLO SOCKET_CLOSED SOCKET_CLOSED SOCKET_CLOSED SOCKET_CLOSED SOCKET_CLOSED SOCKET_CLOSED SOCKET_CLOSED SOCKET_CLOSED SOCKET_CLOSED SOCKET_CLOSED SOCKET_CLOSED SOCKET_CLOSED SOCKET_CLOSED SOCKET_CLOSED SOCKET_CLOSED SOCKET_CLOSED SOCKET_CLOSED SOCKET_CLOSED SOCKET_CLOSED SOCKET_CLOSED SOCKET_CLOSED SOCKET_CLOSED SOCKET_CLOSED SOCKET_CLOSED SOCKET_CLOSED SOCKET_CLOSED SOCKET_CLOSED SOCKET_CLOSED SOCKET_CLOSED SOCKET_CLOSED SOCKET_CLOSED SOCKET_CLOSED SOCKET_CLOSED SOCKET_CLOSED SOCKET_CLOSED
New output: HELLO_VERIFY_REQUEST SERVER_HELLO,SERVER_HELLO_DONE TIMEOUT Alert(FATAL,UNEXPECTED_MESSAGE) TIMEOUT TIMEOUT SERVER_HELLO,CERTIFICATE,ECDHE_SERVER_KEY_EXCHANGE,CERTIFICATE_REQUEST,SERVER_HELLO_DONE TIMEOUT Alert(FATAL,UNEXPECTED_MESSAGE) TIMEOUT SERVER_HELLO,CERTIFICATE,ECDHE_SERVER_KEY_EXCHANGE,CERTIFICATE_REQUEST,SERVER_HELLO_DONE TIMEOUT TIMEOUT TIMEOUT TIMEOUT TIMEOUT TIMEOUT TIMEOUT TIMEOUT TIMEOUT TIMEOUT TIMEOUT TIMEOUT TIMEOUT TIMEOUT TIMEOUT TIMEOUT TIMEOUT TIMEOUT TIMEOUT TIMEOUT TIMEOUT TIMEOUT TIMEOUT TIMEOUT TIMEOUT
New CE status: not a CE
Output changed following CE verification
Input: PSK_CLIENT_HELLO PSK_CLIENT_HELLO PSK_CLIENT_KEY_EXCHANGE ECDH_CLIENT_HELLO ECDH_CLIENT_HELLO FINISHED EMPTY_CERTIFICATE Alert(FATAL,UNEXPECTED_MESSAGE) PSK_CLIENT_KEY_EXCHANGE CHANGE_CIPHER_SPEC EMPTY_CERTIFICATE CERTIFICATE
Original output: CLIENT_HELLO SOCKET_CLOSED SOCKET_CLOSED SOCKET_CLOSED SOCKET_CLOSED SOCKET_CLOSED SOCKET_CLOSED SOCKET_CLOSED SOCKET_CLOSED SOCKET_CLOSED SOCKET_CLOSED SOCKET_CLOSED
New output: HELLO_VERIFY_REQUEST SERVER_HELLO,SERVER_HELLO_DONE TIMEOUT SERVER_HELLO,CERTIFICATE,ECDHE_SERVER_KEY_EXCHANGE,CERTIFICATE_REQUEST,SERVER_HELLO_DONE SERVER_HELLO,CERTIFICATE,ECDHE_SERVER_KEY_EXCHANGE,CERTIFICATE_REQUEST,SERVER_HELLO_DONE Alert(FATAL,UNEXPECTED_MESSAGE) TIMEOUT TIMEOUT TIMEOUT TIMEOUT TIMEOUT TIMEOUT
New CE status: not a CE
Output changed following CE verification
Input: PSK_CLIENT_HELLO PSK_CLIENT_HELLO CERTIFICATE PSK_CLIENT_HELLO CERTIFICATE PSK_CLIENT_HELLO Alert(FATAL,UNEXPECTED_MESSAGE) FINISHED CERTIFICATE_VERIFY CERTIFICATE_VERIFY Alert(FATAL,UNEXPECTED_MESSAGE) FINISHED Alert(FATAL,UNEXPECTED_MESSAGE) PSK_CLIENT_KEY_EXCHANGE PSK_CLIENT_KEY_EXCHANGE ECDH_CLIENT_KEY_EXCHANGE APPLICATION ECDH_CLIENT_HELLO FINISHED APPLICATION FINISHED CERTIFICATE Alert(FATAL,UNEXPECTED_MESSAGE) CHANGE_CIPHER_SPEC PSK_CLIENT_KEY_EXCHANGE EMPTY_CERTIFICATE ECDH_CLIENT_KEY_EXCHANGE
Original output: CLIENT_HELLO SOCKET_CLOSED SOCKET_CLOSED SOCKET_CLOSED SOCKET_CLOSED SOCKET_CLOSED SOCKET_CLOSED SOCKET_CLOSED SOCKET_CLOSED SOCKET_CLOSED SOCKET_CLOSED SOCKET_CLOSED SOCKET_CLOSED SOCKET_CLOSED SOCKET_CLOSED SOCKET_CLOSED SOCKET_CLOSED SOCKET_CLOSED SOCKET_CLOSED SOCKET_CLOSED SOCKET_CLOSED SOCKET_CLOSED SOCKET_CLOSED SOCKET_CLOSED SOCKET_CLOSED SOCKET_CLOSED SOCKET_CLOSED
New output: HELLO_VERIFY_REQUEST SERVER_HELLO,SERVER_HELLO_DONE Alert(FATAL,UNEXPECTED_MESSAGE) SERVER_HELLO,SERVER_HELLO_DONE Alert(FATAL,UNEXPECTED_MESSAGE) SERVER_HELLO,SERVER_HELLO_DONE TIMEOUT TIMEOUT TIMEOUT TIMEOUT TIMEOUT TIMEOUT TIMEOUT TIMEOUT TIMEOUT TIMEOUT TIMEOUT SERVER_HELLO,CERTIFICATE,ECDHE_SERVER_KEY_EXCHANGE,CERTIFICATE_REQUEST,SERVER_HELLO_DONE Alert(FATAL,UNEXPECTED_MESSAGE) TIMEOUT TIMEOUT TIMEOUT TIMEOUT TIMEOUT TIMEOUT TIMEOUT TIMEOUT
New CE status: not a CE
Output changed following CE verification
Input: CERTIFICATE ECDH_CLIENT_KEY_EXCHANGE ECDH_CLIENT_HELLO
Original output: CERTIFICATE SOCKET_CLOSED SOCKET_CLOSED
New output: TIMEOUT TIMEOUT HELLO_VERIFY_REQUEST
New CE status: not a CE
