Output changed following CE verification
Input: PSK_CLIENT_HELLO PSK_CLIENT_HELLO PSK_CLIENT_KEY_EXCHANGE CHANGE_CIPHER_SPEC FINISHED PSK_CLIENT_KEY_EXCHANGE PSK_CLIENT_KEY_EXCHANGE PSK_CLIENT_HELLO CHANGE_CIPHER_SPEC FINISHED FINISHED Alert(FATAL,UNEXPECTED_MESSAGE) Alert(FATAL,UNEXPECTED_MESSAGE) Alert(FATAL,UNEXPECTED_MESSAGE) Alert(WARNING,CLOSE_NOTIFY) Alert(WARNING,CLOSE_NOTIFY) Alert(FATAL,UNEXPECTED_MESSAGE) APPLICATION FINISHED Alert(FATAL,UNEXPECTED_MESSAGE) Alert(FATAL,UNEXPECTED_MESSAGE) CHANGE_CIPHER_SPEC PSK_CLIENT_HELLO
Original output: HELLO_VERIFY_REQUEST SERVER_HELLO,PSK_SERVER_KEY_EXCHANGE,SERVER_HELLO_DONE TIMEOUT TIMEOUT CHANGE_CIPHER_SPEC,FINISHED CHANGE_CIPHER_SPEC,UNKNOWN_MESSAGE CHANGE_CIPHER_SPEC,UNKNOWN_MESSAGE Alert(UNDEFINED,-6),Alert(UNDEFINED,31) TIMEOUT TIMEOUT TIMEOUT TIMEOUT TIMEOUT TIMEOUT TIMEOUT TIMEOUT TIMEOUT TIMEOUT TIMEOUT TIMEOUT TIMEOUT TIMEOUT TIMEOUT
New output: HELLO_VERIFY_REQUEST SERVER_HELLO,PSK_SERVER_KEY_EXCHANGE,SERVER_HELLO_DONE TIMEOUT TIMEOUT CHANGE_CIPHER_SPEC,FINISHED CHANGE_CIPHER_SPEC,UNKNOWN_MESSAGE CHANGE_CIPHER_SPEC,UNKNOWN_MESSAGE UNKNOWN_MESSAGE TIMEOUT TIMEOUT TIMEOUT TIMEOUT TIMEOUT TIMEOUT TIMEOUT TIMEOUT TIMEOUT TIMEOUT TIMEOUT TIMEOUT TIMEOUT TIMEOUT TIMEOUT
New CE status: not a CE
Output changed following CE verification
Input: PSK_CLIENT_HELLO PSK_CLIENT_HELLO PSK_CLIENT_KEY_EXCHANGE CHANGE_CIPHER_SPEC FINISHED PSK_CLIENT_KEY_EXCHANGE Alert(WARNING,CLOSE_NOTIFY) APPLICATION Alert(WARNING,CLOSE_NOTIFY) CHANGE_CIPHER_SPEC APPLICATION Alert(FATAL,UNEXPECTED_MESSAGE) Alert(FATAL,UNEXPECTED_MESSAGE) Alert(FATAL,UNEXPECTED_MESSAGE) CHANGE_CIPHER_SPEC PSK_CLIENT_HELLO
Original output: HELLO_VERIFY_REQUEST SERVER_HELLO,PSK_SERVER_KEY_EXCHANGE,SERVER_HELLO_DONE TIMEOUT TIMEOUT CHANGE_CIPHER_SPEC,FINISHED CHANGE_CIPHER_SPEC,UNKNOWN_MESSAGE UNKNOWN_MESSAGE,UNKNOWN_MESSAGE TIMEOUT TIMEOUT TIMEOUT TIMEOUT TIMEOUT TIMEOUT TIMEOUT TIMEOUT TIMEOUT
New output: HELLO_VERIFY_REQUEST SERVER_HELLO,PSK_SERVER_KEY_EXCHANGE,SERVER_HELLO_DONE TIMEOUT TIMEOUT CHANGE_CIPHER_SPEC,FINISHED CHANGE_CIPHER_SPEC,UNKNOWN_MESSAGE UNKNOWN_MESSAGE TIMEOUT TIMEOUT TIMEOUT TIMEOUT TIMEOUT TIMEOUT TIMEOUT TIMEOUT TIMEOUT
New CE status: not a CE
Output inconsistent with cache, rerunning membership query
Input: PSK_CLIENT_HELLO PSK_CLIENT_HELLO PSK_CLIENT_KEY_EXCHANGE CHANGE_CIPHER_SPEC FINISHED PSK_CLIENT_KEY_EXCHANGE FINISHED FINISHED Alert(WARNING,CLOSE_NOTIFY)
Unexpected output: HELLO_VERIFY_REQUEST SERVER_HELLO,PSK_SERVER_KEY_EXCHANGE,SERVER_HELLO_DONE TIMEOUT TIMEOUT CHANGE_CIPHER_SPEC,FINISHED CHANGE_CIPHER_SPEC,UNKNOWN_MESSAGE TIMEOUT TIMEOUT UNKNOWN_MESSAGE,UNKNOWN_MESSAGE TIMEOUT
Cached output: HELLO_VERIFY_REQUEST SERVER_HELLO,PSK_SERVER_KEY_EXCHANGE,SERVER_HELLO_DONE TIMEOUT TIMEOUT CHANGE_CIPHER_SPEC,FINISHED CHANGE_CIPHER_SPEC,UNKNOWN_MESSAGE TIMEOUT TIMEOUT UNKNOWN_MESSAGE
Output changed following rerun
Input: PSK_CLIENT_HELLO PSK_CLIENT_HELLO PSK_CLIENT_KEY_EXCHANGE CHANGE_CIPHER_SPEC FINISHED PSK_CLIENT_KEY_EXCHANGE FINISHED FINISHED Alert(WARNING,CLOSE_NOTIFY) PSK_CLIENT_HELLO
Original output: HELLO_VERIFY_REQUEST SERVER_HELLO,PSK_SERVER_KEY_EXCHANGE,SERVER_HELLO_DONE TIMEOUT TIMEOUT CHANGE_CIPHER_SPEC,FINISHED CHANGE_CIPHER_SPEC,UNKNOWN_MESSAGE TIMEOUT TIMEOUT UNKNOWN_MESSAGE,UNKNOWN_MESSAGE TIMEOUT
New output: HELLO_VERIFY_REQUEST SERVER_HELLO,PSK_SERVER_KEY_EXCHANGE,SERVER_HELLO_DONE TIMEOUT TIMEOUT CHANGE_CIPHER_SPEC,FINISHED CHANGE_CIPHER_SPEC,UNKNOWN_MESSAGE TIMEOUT TIMEOUT UNKNOWN_MESSAGE TIMEOUT
Output inconsistent with cache, rerunning membership query
Input: PSK_CLIENT_HELLO PSK_CLIENT_HELLO PSK_CLIENT_KEY_EXCHANGE CHANGE_CIPHER_SPEC FINISHED PSK_CLIENT_KEY_EXCHANGE FINISHED FINISHED PSK_CLIENT_KEY_EXCHANGE Alert(WARNING,CLOSE_NOTIFY)
Unexpected output: HELLO_VERIFY_REQUEST SERVER_HELLO,PSK_SERVER_KEY_EXCHANGE,SERVER_HELLO_DONE TIMEOUT TIMEOUT CHANGE_CIPHER_SPEC,FINISHED CHANGE_CIPHER_SPEC,UNKNOWN_MESSAGE TIMEOUT TIMEOUT CHANGE_CIPHER_SPEC,UNKNOWN_MESSAGE UNKNOWN_MESSAGE TIMEOUT
Cached output: HELLO_VERIFY_REQUEST SERVER_HELLO,PSK_SERVER_KEY_EXCHANGE,SERVER_HELLO_DONE TIMEOUT TIMEOUT CHANGE_CIPHER_SPEC,FINISHED CHANGE_CIPHER_SPEC,UNKNOWN_MESSAGE TIMEOUT TIMEOUT CHANGE_CIPHER_SPEC,UNKNOWN_MESSAGE Alert(UNDEFINED,4),Alert(UNDEFINED,39)
