Output changed following CE verification
Input: PSK_CLIENT_HELLO PSK_CLIENT_HELLO PSK_CLIENT_KEY_EXCHANGE FINISHED CHANGE_CIPHER_SPEC FINISHED Alert(WARNING,CLOSE_NOTIFY) PSK_CLIENT_HELLO PSK_CLIENT_KEY_EXCHANGE PSK_CLIENT_HELLO APPLICATION Alert(FATAL,UNEXPECTED_MESSAGE) FINISHED FINISHED PSK_CLIENT_KEY_EXCHANGE FINISHED PSK_CLIENT_HELLO
Original output: CLIENT_HELLO SOCKET_CLOSED SOCKET_CLOSED SOCKET_CLOSED SOCKET_CLOSED SOCKET_CLOSED SOCKET_CLOSED SOCKET_CLOSED SOCKET_CLOSED SOCKET_CLOSED SOCKET_CLOSED SOCKET_CLOSED SOCKET_CLOSED SOCKET_CLOSED SOCKET_CLOSED SOCKET_CLOSED SOCKET_CLOSED
New output: HELLO_VERIFY_REQUEST SERVER_HELLO,PSK_SERVER_KEY_EXCHANGE,SERVER_HELLO_DONE TIMEOUT TIMEOUT TIMEOUT SERVER_HELLO,PSK_SERVER_KEY_EXCHANGE,SERVER_HELLO_DONE TIMEOUT TIMEOUT TIMEOUT TIMEOUT TIMEOUT TIMEOUT TIMEOUT TIMEOUT TIMEOUT TIMEOUT TIMEOUT
New CE status: not a CE
Output changed following CE verification
Input: PSK_CLIENT_HELLO PSK_CLIENT_HELLO PSK_CLIENT_KEY_EXCHANGE CHANGE_CIPHER_SPEC FINISHED PSK_CLIENT_KEY_EXCHANGE FINISHED APPLICATION FINISHED APPLICATION APPLICATION Alert(FATAL,UNEXPECTED_MESSAGE) Alert(WARNING,CLOSE_NOTIFY) APPLICATION Alert(WARNING,CLOSE_NOTIFY) CHANGE_CIPHER_SPEC Alert(FATAL,UNEXPECTED_MESSAGE) APPLICATION Alert(FATAL,UNEXPECTED_MESSAGE) PSK_CLIENT_HELLO CHANGE_CIPHER_SPEC PSK_CLIENT_KEY_EXCHANGE APPLICATION PSK_CLIENT_HELLO
Original output: HELLO_VERIFY_REQUEST SERVER_HELLO,PSK_SERVER_KEY_EXCHANGE,SERVER_HELLO_DONE TIMEOUT TIMEOUT CHANGE_CIPHER_SPEC,FINISHED CHANGE_CIPHER_SPEC TIMEOUT APPLICATION TIMEOUT TIMEOUT TIMEOUT TIMEOUT TIMEOUT TIMEOUT TIMEOUT TIMEOUT TIMEOUT TIMEOUT TIMEOUT TIMEOUT TIMEOUT TIMEOUT TIMEOUT TIMEOUT
New output: HELLO_VERIFY_REQUEST SERVER_HELLO,PSK_SERVER_KEY_EXCHANGE,SERVER_HELLO_DONE TIMEOUT TIMEOUT CHANGE_CIPHER_SPEC,FINISHED CHANGE_CIPHER_SPEC,UNKNOWN_MESSAGE TIMEOUT APPLICATION TIMEOUT TIMEOUT TIMEOUT TIMEOUT TIMEOUT TIMEOUT TIMEOUT TIMEOUT TIMEOUT TIMEOUT TIMEOUT TIMEOUT TIMEOUT TIMEOUT TIMEOUT TIMEOUT
New CE status: not a CE
Output changed following CE verification
Input: PSK_CLIENT_HELLO PSK_CLIENT_HELLO PSK_CLIENT_KEY_EXCHANGE CHANGE_CIPHER_SPEC FINISHED PSK_CLIENT_KEY_EXCHANGE Alert(WARNING,CLOSE_NOTIFY) Alert(WARNING,CLOSE_NOTIFY) Alert(FATAL,UNEXPECTED_MESSAGE) Alert(FATAL,UNEXPECTED_MESSAGE) Alert(WARNING,CLOSE_NOTIFY) PSK_CLIENT_KEY_EXCHANGE PSK_CLIENT_HELLO
Original output: HELLO_VERIFY_REQUEST SERVER_HELLO,PSK_SERVER_KEY_EXCHANGE,SERVER_HELLO_DONE TIMEOUT TIMEOUT CHANGE_CIPHER_SPEC,FINISHED CHANGE_CIPHER_SPEC TIMEOUT TIMEOUT TIMEOUT TIMEOUT TIMEOUT TIMEOUT TIMEOUT
New output: HELLO_VERIFY_REQUEST SERVER_HELLO,PSK_SERVER_KEY_EXCHANGE,SERVER_HELLO_DONE TIMEOUT TIMEOUT CHANGE_CIPHER_SPEC,FINISHED CHANGE_CIPHER_SPEC,UNKNOWN_MESSAGE TIMEOUT TIMEOUT TIMEOUT TIMEOUT TIMEOUT TIMEOUT TIMEOUT
New CE status: not a CE
Output changed following CE verification
Input: PSK_CLIENT_HELLO PSK_CLIENT_HELLO PSK_CLIENT_KEY_EXCHANGE CHANGE_CIPHER_SPEC FINISHED PSK_CLIENT_KEY_EXCHANGE PSK_CLIENT_KEY_EXCHANGE PSK_CLIENT_HELLO Alert(WARNING,CLOSE_NOTIFY) PSK_CLIENT_HELLO CHANGE_CIPHER_SPEC PSK_CLIENT_HELLO APPLICATION CHANGE_CIPHER_SPEC CHANGE_CIPHER_SPEC FINISHED PSK_CLIENT_HELLO PSK_CLIENT_KEY_EXCHANGE FINISHED PSK_CLIENT_KEY_EXCHANGE PSK_CLIENT_HELLO FINISHED Alert(WARNING,CLOSE_NOTIFY) APPLICATION CHANGE_CIPHER_SPEC Alert(WARNING,CLOSE_NOTIFY) Alert(WARNING,CLOSE_NOTIFY) CHANGE_CIPHER_SPEC PSK_CLIENT_KEY_EXCHANGE CHANGE_CIPHER_SPEC Alert(FATAL,UNEXPECTED_MESSAGE) PSK_CLIENT_HELLO PSK_CLIENT_HELLO
Original output: HELLO_VERIFY_REQUEST SERVER_HELLO,PSK_SERVER_KEY_EXCHANGE,SERVER_HELLO_DONE TIMEOUT TIMEOUT CHANGE_CIPHER_SPEC,FINISHED CHANGE_CIPHER_SPEC CHANGE_CIPHER_SPEC,UNKNOWN_MESSAGE TIMEOUT TIMEOUT TIMEOUT TIMEOUT TIMEOUT TIMEOUT TIMEOUT TIMEOUT TIMEOUT TIMEOUT TIMEOUT TIMEOUT TIMEOUT TIMEOUT TIMEOUT TIMEOUT TIMEOUT TIMEOUT TIMEOUT TIMEOUT TIMEOUT TIMEOUT TIMEOUT TIMEOUT TIMEOUT TIMEOUT
New output: HELLO_VERIFY_REQUEST SERVER_HELLO,PSK_SERVER_KEY_EXCHANGE,SERVER_HELLO_DONE TIMEOUT TIMEOUT CHANGE_CIPHER_SPEC,FINISHED CHANGE_CIPHER_SPEC,UNKNOWN_MESSAGE CHANGE_CIPHER_SPEC,UNKNOWN_MESSAGE TIMEOUT TIMEOUT TIMEOUT TIMEOUT TIMEOUT TIMEOUT TIMEOUT TIMEOUT TIMEOUT TIMEOUT TIMEOUT TIMEOUT TIMEOUT TIMEOUT TIMEOUT TIMEOUT TIMEOUT TIMEOUT TIMEOUT TIMEOUT TIMEOUT TIMEOUT TIMEOUT TIMEOUT TIMEOUT TIMEOUT
New CE status: not a CE
