Output changed following CE verification
Input: RSA_CLIENT_HELLO RSA_CLIENT_HELLO Alert(FATAL,UNEXPECTED_MESSAGE) CERTIFICATE Alert(WARNING,CLOSE_NOTIFY) ECDH_CLIENT_HELLO RSA_CLIENT_KEY_EXCHANGE Alert(FATAL,UNEXPECTED_MESSAGE) EMPTY_CERTIFICATE ECDH_CLIENT_HELLO CERTIFICATE_VERIFY EMPTY_CERTIFICATE CERTIFICATE_VERIFY CERTIFICATE DH_CLIENT_HELLO DH_CLIENT_KEY_EXCHANGE
Original output: HELLO_VERIFY_REQUEST SERVER_HELLO,CERTIFICATE,SERVER_HELLO_DONE TIMEOUT TIMEOUT SOCKET_CLOSED SOCKET_CLOSED SOCKET_CLOSED SOCKET_CLOSED SOCKET_CLOSED SOCKET_CLOSED SOCKET_CLOSED SOCKET_CLOSED SOCKET_CLOSED SOCKET_CLOSED SOCKET_CLOSED SOCKET_CLOSED
New output: HELLO_VERIFY_REQUEST SERVER_HELLO,CERTIFICATE,SERVER_HELLO_DONE TIMEOUT SOCKET_CLOSED SOCKET_CLOSED SOCKET_CLOSED SOCKET_CLOSED SOCKET_CLOSED SOCKET_CLOSED SOCKET_CLOSED SOCKET_CLOSED SOCKET_CLOSED SOCKET_CLOSED SOCKET_CLOSED SOCKET_CLOSED SOCKET_CLOSED
New CE status: not a CE
Output changed following CE verification
Input: ECDH_CLIENT_HELLO DH_CLIENT_HELLO RSA_CLIENT_KEY_EXCHANGE Alert(FATAL,UNEXPECTED_MESSAGE) CERTIFICATE FINISHED PSK_CLIENT_HELLO ECDH_CLIENT_KEY_EXCHANGE CHANGE_CIPHER_SPEC Alert(WARNING,CLOSE_NOTIFY) APPLICATION PSK_CLIENT_KEY_EXCHANGE DH_CLIENT_HELLO PSK_CLIENT_HELLO CERTIFICATE Alert(WARNING,CLOSE_NOTIFY) DH_CLIENT_KEY_EXCHANGE RSA_CLIENT_HELLO ECDH_CLIENT_HELLO
Original output: HELLO_VERIFY_REQUEST SERVER_HELLO,CERTIFICATE,DHE_SERVER_KEY_EXCHANGE,SERVER_HELLO_DONE TIMEOUT TIMEOUT TIMEOUT SOCKET_CLOSED SOCKET_CLOSED SOCKET_CLOSED SOCKET_CLOSED SOCKET_CLOSED SOCKET_CLOSED SOCKET_CLOSED SOCKET_CLOSED SOCKET_CLOSED SOCKET_CLOSED SOCKET_CLOSED SOCKET_CLOSED SOCKET_CLOSED SOCKET_CLOSED
New output: HELLO_VERIFY_REQUEST SERVER_HELLO,CERTIFICATE,DHE_SERVER_KEY_EXCHANGE,SERVER_HELLO_DONE TIMEOUT TIMEOUT SOCKET_CLOSED SOCKET_CLOSED SOCKET_CLOSED SOCKET_CLOSED SOCKET_CLOSED SOCKET_CLOSED SOCKET_CLOSED SOCKET_CLOSED SOCKET_CLOSED SOCKET_CLOSED SOCKET_CLOSED SOCKET_CLOSED SOCKET_CLOSED SOCKET_CLOSED SOCKET_CLOSED
New CE status: not a CE
Output changed following CE verification
Input: PSK_CLIENT_HELLO PSK_CLIENT_HELLO PSK_CLIENT_KEY_EXCHANGE CHANGE_CIPHER_SPEC FINISHED ECDH_CLIENT_KEY_EXCHANGE Alert(FATAL,UNEXPECTED_MESSAGE) ECDH_CLIENT_HELLO CHANGE_CIPHER_SPEC CERTIFICATE_VERIFY RSA_CLIENT_HELLO RSA_CLIENT_KEY_EXCHANGE CHANGE_CIPHER_SPEC RSA_CLIENT_HELLO ECDH_CLIENT_HELLO PSK_CLIENT_HELLO ECDH_CLIENT_HELLO
Original output: HELLO_VERIFY_REQUEST SERVER_HELLO,SERVER_HELLO_DONE TIMEOUT TIMEOUT CHANGE_CIPHER_SPEC,FINISHED TIMEOUT TIMEOUT TIMEOUT SOCKET_CLOSED SOCKET_CLOSED SOCKET_CLOSED SOCKET_CLOSED SOCKET_CLOSED SOCKET_CLOSED SOCKET_CLOSED SOCKET_CLOSED SOCKET_CLOSED
New output: HELLO_VERIFY_REQUEST SERVER_HELLO,SERVER_HELLO_DONE TIMEOUT TIMEOUT CHANGE_CIPHER_SPEC,FINISHED TIMEOUT TIMEOUT SOCKET_CLOSED SOCKET_CLOSED SOCKET_CLOSED SOCKET_CLOSED SOCKET_CLOSED SOCKET_CLOSED SOCKET_CLOSED SOCKET_CLOSED SOCKET_CLOSED SOCKET_CLOSED
New CE status: not a CE
Output changed following CE verification
Input: RSA_CLIENT_HELLO RSA_CLIENT_HELLO Alert(WARNING,CLOSE_NOTIFY) EMPTY_CERTIFICATE ECDH_CLIENT_KEY_EXCHANGE RSA_CLIENT_KEY_EXCHANGE APPLICATION PSK_CLIENT_KEY_EXCHANGE ECDH_CLIENT_HELLO
Original output: HELLO_VERIFY_REQUEST SERVER_HELLO,CERTIFICATE,SERVER_HELLO_DONE TIMEOUT TIMEOUT SOCKET_CLOSED SOCKET_CLOSED SOCKET_CLOSED SOCKET_CLOSED SOCKET_CLOSED
New output: HELLO_VERIFY_REQUEST SERVER_HELLO,CERTIFICATE,SERVER_HELLO_DONE TIMEOUT SOCKET_CLOSED SOCKET_CLOSED SOCKET_CLOSED SOCKET_CLOSED SOCKET_CLOSED SOCKET_CLOSED
New CE status: not a CE
Output changed following CE verification
Input: PSK_CLIENT_HELLO ECDH_CLIENT_HELLO ECDH_CLIENT_KEY_EXCHANGE Alert(FATAL,UNEXPECTED_MESSAGE) DH_CLIENT_HELLO CERTIFICATE ECDH_CLIENT_HELLO ECDH_CLIENT_HELLO
Original output: HELLO_VERIFY_REQUEST SERVER_HELLO,CERTIFICATE,ECDHE_SERVER_KEY_EXCHANGE,SERVER_HELLO_DONE TIMEOUT TIMEOUT TIMEOUT SOCKET_CLOSED SOCKET_CLOSED SOCKET_CLOSED
New output: HELLO_VERIFY_REQUEST SERVER_HELLO,CERTIFICATE,ECDHE_SERVER_KEY_EXCHANGE,SERVER_HELLO_DONE TIMEOUT TIMEOUT SOCKET_CLOSED SOCKET_CLOSED SOCKET_CLOSED SOCKET_CLOSED
New CE status: not a CE
