Output changed following CE verification
Input: PSK_CLIENT_HELLO PSK_CLIENT_HELLO FINISHED Alert(WARNING,CLOSE_NOTIFY) Alert(FATAL,UNEXPECTED_MESSAGE) FINISHED PSK_CLIENT_KEY_EXCHANGE FINISHED Alert(WARNING,CLOSE_NOTIFY) FINISHED PSK_CLIENT_KEY_EXCHANGE PSK_CLIENT_KEY_EXCHANGE CHANGE_CIPHER_SPEC Alert(WARNING,CLOSE_NOTIFY) CHANGE_CIPHER_SPEC Alert(FATAL,UNEXPECTED_MESSAGE) PSK_CLIENT_HELLO Alert(FATAL,UNEXPECTED_MESSAGE) PSK_CLIENT_KEY_EXCHANGE Alert(WARNING,CLOSE_NOTIFY) CHANGE_CIPHER_SPEC PSK_CLIENT_KEY_EXCHANGE FINISHED Alert(WARNING,CLOSE_NOTIFY) APPLICATION CHANGE_CIPHER_SPEC PSK_CLIENT_KEY_EXCHANGE CHANGE_CIPHER_SPEC PSK_CLIENT_HELLO Alert(WARNING,CLOSE_NOTIFY) FINISHED FINISHED APPLICATION PSK_CLIENT_KEY_EXCHANGE PSK_CLIENT_KEY_EXCHANGE FINISHED
Original output: CLIENT_HELLO SOCKET_CLOSED SOCKET_CLOSED SOCKET_CLOSED SOCKET_CLOSED SOCKET_CLOSED SOCKET_CLOSED SOCKET_CLOSED SOCKET_CLOSED SOCKET_CLOSED SOCKET_CLOSED SOCKET_CLOSED SOCKET_CLOSED SOCKET_CLOSED SOCKET_CLOSED SOCKET_CLOSED SOCKET_CLOSED SOCKET_CLOSED SOCKET_CLOSED SOCKET_CLOSED SOCKET_CLOSED SOCKET_CLOSED SOCKET_CLOSED SOCKET_CLOSED SOCKET_CLOSED SOCKET_CLOSED SOCKET_CLOSED SOCKET_CLOSED SOCKET_CLOSED SOCKET_CLOSED SOCKET_CLOSED SOCKET_CLOSED SOCKET_CLOSED SOCKET_CLOSED SOCKET_CLOSED SOCKET_CLOSED
New output: HELLO_VERIFY_REQUEST SERVER_HELLO,PSK_SERVER_KEY_EXCHANGE,SERVER_HELLO_DONE TIMEOUT TIMEOUT TIMEOUT SOCKET_CLOSED SOCKET_CLOSED SOCKET_CLOSED SOCKET_CLOSED SOCKET_CLOSED SOCKET_CLOSED SOCKET_CLOSED SOCKET_CLOSED SOCKET_CLOSED SOCKET_CLOSED SOCKET_CLOSED SOCKET_CLOSED SOCKET_CLOSED SOCKET_CLOSED SOCKET_CLOSED SOCKET_CLOSED SOCKET_CLOSED SOCKET_CLOSED SOCKET_CLOSED SOCKET_CLOSED SOCKET_CLOSED SOCKET_CLOSED SOCKET_CLOSED SOCKET_CLOSED SOCKET_CLOSED SOCKET_CLOSED SOCKET_CLOSED SOCKET_CLOSED SOCKET_CLOSED SOCKET_CLOSED SOCKET_CLOSED
New CE status: not a CE
Output changed following CE verification
Input: PSK_CLIENT_HELLO PSK_CLIENT_HELLO PSK_CLIENT_KEY_EXCHANGE FINISHED CHANGE_CIPHER_SPEC Alert(FATAL,UNEXPECTED_MESSAGE) CHANGE_CIPHER_SPEC PSK_CLIENT_HELLO PSK_CLIENT_HELLO CHANGE_CIPHER_SPEC FINISHED PSK_CLIENT_KEY_EXCHANGE PSK_CLIENT_KEY_EXCHANGE PSK_CLIENT_KEY_EXCHANGE PSK_CLIENT_HELLO
Original output: TIMEOUT SOCKET_CLOSED SOCKET_CLOSED SOCKET_CLOSED SOCKET_CLOSED SOCKET_CLOSED SOCKET_CLOSED SOCKET_CLOSED SOCKET_CLOSED SOCKET_CLOSED SOCKET_CLOSED SOCKET_CLOSED SOCKET_CLOSED SOCKET_CLOSED SOCKET_CLOSED
New output: HELLO_VERIFY_REQUEST SERVER_HELLO,PSK_SERVER_KEY_EXCHANGE,SERVER_HELLO_DONE TIMEOUT TIMEOUT TIMEOUT TIMEOUT TIMEOUT TIMEOUT TIMEOUT TIMEOUT TIMEOUT TIMEOUT TIMEOUT TIMEOUT TIMEOUT
New CE status: not a CE
Output changed following CE verification
Input: PSK_CLIENT_HELLO PSK_CLIENT_HELLO FINISHED APPLICATION Alert(FATAL,UNEXPECTED_MESSAGE) CHANGE_CIPHER_SPEC FINISHED FINISHED PSK_CLIENT_KEY_EXCHANGE CHANGE_CIPHER_SPEC Alert(WARNING,CLOSE_NOTIFY) FINISHED Alert(FATAL,UNEXPECTED_MESSAGE) APPLICATION PSK_CLIENT_HELLO PSK_CLIENT_HELLO
Original output: TIMEOUT SOCKET_CLOSED SOCKET_CLOSED SOCKET_CLOSED SOCKET_CLOSED SOCKET_CLOSED SOCKET_CLOSED SOCKET_CLOSED SOCKET_CLOSED SOCKET_CLOSED SOCKET_CLOSED SOCKET_CLOSED SOCKET_CLOSED SOCKET_CLOSED SOCKET_CLOSED SOCKET_CLOSED
New output: HELLO_VERIFY_REQUEST SERVER_HELLO,PSK_SERVER_KEY_EXCHANGE,SERVER_HELLO_DONE TIMEOUT TIMEOUT TIMEOUT TIMEOUT TIMEOUT TIMEOUT TIMEOUT TIMEOUT TIMEOUT TIMEOUT TIMEOUT TIMEOUT TIMEOUT TIMEOUT
New CE status: not a CE
Output changed following CE verification
Input: PSK_CLIENT_HELLO PSK_CLIENT_HELLO PSK_CLIENT_KEY_EXCHANGE FINISHED CHANGE_CIPHER_SPEC FINISHED CHANGE_CIPHER_SPEC Alert(FATAL,UNEXPECTED_MESSAGE) PSK_CLIENT_HELLO Alert(FATAL,UNEXPECTED_MESSAGE) Alert(FATAL,UNEXPECTED_MESSAGE) CHANGE_CIPHER_SPEC FINISHED CHANGE_CIPHER_SPEC Alert(FATAL,UNEXPECTED_MESSAGE) FINISHED PSK_CLIENT_HELLO PSK_CLIENT_HELLO
Original output: TIMEOUT SOCKET_CLOSED SOCKET_CLOSED SOCKET_CLOSED SOCKET_CLOSED SOCKET_CLOSED SOCKET_CLOSED SOCKET_CLOSED SOCKET_CLOSED SOCKET_CLOSED SOCKET_CLOSED SOCKET_CLOSED SOCKET_CLOSED SOCKET_CLOSED SOCKET_CLOSED SOCKET_CLOSED SOCKET_CLOSED SOCKET_CLOSED
New output: HELLO_VERIFY_REQUEST SERVER_HELLO,PSK_SERVER_KEY_EXCHANGE,SERVER_HELLO_DONE TIMEOUT TIMEOUT TIMEOUT SERVER_HELLO,PSK_SERVER_KEY_EXCHANGE,SERVER_HELLO_DONE TIMEOUT TIMEOUT TIMEOUT TIMEOUT TIMEOUT TIMEOUT TIMEOUT TIMEOUT TIMEOUT TIMEOUT TIMEOUT TIMEOUT
New CE status: not a CE
Output changed following CE verification
Input: PSK_CLIENT_HELLO CHANGE_CIPHER_SPEC PSK_CLIENT_HELLO Alert(WARNING,CLOSE_NOTIFY) PSK_CLIENT_HELLO APPLICATION APPLICATION Alert(WARNING,CLOSE_NOTIFY) Alert(FATAL,UNEXPECTED_MESSAGE) PSK_CLIENT_HELLO PSK_CLIENT_HELLO FINISHED PSK_CLIENT_HELLO Alert(FATAL,UNEXPECTED_MESSAGE) FINISHED PSK_CLIENT_HELLO PSK_CLIENT_HELLO PSK_CLIENT_KEY_EXCHANGE FINISHED CHANGE_CIPHER_SPEC Alert(WARNING,CLOSE_NOTIFY) PSK_CLIENT_KEY_EXCHANGE Alert(WARNING,CLOSE_NOTIFY) PSK_CLIENT_KEY_EXCHANGE CHANGE_CIPHER_SPEC FINISHED APPLICATION APPLICATION PSK_CLIENT_KEY_EXCHANGE PSK_CLIENT_HELLO APPLICATION Alert(FATAL,UNEXPECTED_MESSAGE) APPLICATION PSK_CLIENT_KEY_EXCHANGE PSK_CLIENT_HELLO Alert(WARNING,CLOSE_NOTIFY) CHANGE_CIPHER_SPEC PSK_CLIENT_HELLO PSK_CLIENT_KEY_EXCHANGE PSK_CLIENT_KEY_EXCHANGE Alert(FATAL,UNEXPECTED_MESSAGE) PSK_CLIENT_HELLO FINISHED FINISHED Alert(FATAL,UNEXPECTED_MESSAGE) PSK_CLIENT_KEY_EXCHANGE PSK_CLIENT_KEY_EXCHANGE APPLICATION APPLICATION CHANGE_CIPHER_SPEC PSK_CLIENT_HELLO
Original output: TIMEOUT SOCKET_CLOSED SOCKET_CLOSED SOCKET_CLOSED SOCKET_CLOSED SOCKET_CLOSED SOCKET_CLOSED SOCKET_CLOSED SOCKET_CLOSED SOCKET_CLOSED SOCKET_CLOSED SOCKET_CLOSED SOCKET_CLOSED SOCKET_CLOSED SOCKET_CLOSED SOCKET_CLOSED SOCKET_CLOSED SOCKET_CLOSED SOCKET_CLOSED SOCKET_CLOSED SOCKET_CLOSED SOCKET_CLOSED SOCKET_CLOSED SOCKET_CLOSED SOCKET_CLOSED SOCKET_CLOSED SOCKET_CLOSED SOCKET_CLOSED SOCKET_CLOSED SOCKET_CLOSED SOCKET_CLOSED SOCKET_CLOSED SOCKET_CLOSED SOCKET_CLOSED SOCKET_CLOSED SOCKET_CLOSED SOCKET_CLOSED SOCKET_CLOSED SOCKET_CLOSED SOCKET_CLOSED SOCKET_CLOSED SOCKET_CLOSED SOCKET_CLOSED SOCKET_CLOSED SOCKET_CLOSED SOCKET_CLOSED SOCKET_CLOSED SOCKET_CLOSED SOCKET_CLOSED SOCKET_CLOSED SOCKET_CLOSED
New output: HELLO_VERIFY_REQUEST TIMEOUT TIMEOUT TIMEOUT TIMEOUT TIMEOUT TIMEOUT TIMEOUT TIMEOUT TIMEOUT TIMEOUT TIMEOUT TIMEOUT TIMEOUT TIMEOUT TIMEOUT TIMEOUT TIMEOUT TIMEOUT TIMEOUT TIMEOUT TIMEOUT TIMEOUT TIMEOUT TIMEOUT TIMEOUT TIMEOUT TIMEOUT TIMEOUT TIMEOUT TIMEOUT TIMEOUT TIMEOUT TIMEOUT TIMEOUT TIMEOUT TIMEOUT TIMEOUT TIMEOUT TIMEOUT TIMEOUT TIMEOUT TIMEOUT TIMEOUT TIMEOUT TIMEOUT TIMEOUT TIMEOUT TIMEOUT TIMEOUT TIMEOUT
New CE status: not a CE
Output changed following CE verification
Input: APPLICATION Alert(WARNING,CLOSE_NOTIFY) FINISHED Alert(FATAL,UNEXPECTED_MESSAGE) PSK_CLIENT_HELLO Alert(FATAL,UNEXPECTED_MESSAGE) PSK_CLIENT_KEY_EXCHANGE FINISHED PSK_CLIENT_HELLO Alert(WARNING,CLOSE_NOTIFY) PSK_CLIENT_HELLO
Original output: TIMEOUT SOCKET_CLOSED SOCKET_CLOSED SOCKET_CLOSED SOCKET_CLOSED SOCKET_CLOSED SOCKET_CLOSED SOCKET_CLOSED SOCKET_CLOSED SOCKET_CLOSED SOCKET_CLOSED
New output: TIMEOUT TIMEOUT SOCKET_CLOSED SOCKET_CLOSED SOCKET_CLOSED SOCKET_CLOSED SOCKET_CLOSED SOCKET_CLOSED SOCKET_CLOSED SOCKET_CLOSED SOCKET_CLOSED
New CE status: not a CE
Output changed following CE verification
Input: FINISHED PSK_CLIENT_KEY_EXCHANGE PSK_CLIENT_HELLO CHANGE_CIPHER_SPEC PSK_CLIENT_KEY_EXCHANGE PSK_CLIENT_KEY_EXCHANGE Alert(FATAL,UNEXPECTED_MESSAGE) Alert(WARNING,CLOSE_NOTIFY) PSK_CLIENT_KEY_EXCHANGE PSK_CLIENT_KEY_EXCHANGE PSK_CLIENT_HELLO PSK_CLIENT_HELLO
Original output: FINISHED SOCKET_CLOSED SOCKET_CLOSED SOCKET_CLOSED SOCKET_CLOSED SOCKET_CLOSED SOCKET_CLOSED SOCKET_CLOSED SOCKET_CLOSED SOCKET_CLOSED SOCKET_CLOSED SOCKET_CLOSED
New output: TIMEOUT TIMEOUT HELLO_VERIFY_REQUEST TIMEOUT TIMEOUT TIMEOUT TIMEOUT TIMEOUT TIMEOUT TIMEOUT TIMEOUT TIMEOUT
New CE status: not a CE
