Query[EDHOC_MESSAGE_1 EDHOC_MESSAGE_1|EDHOC_MESSAGE_1 / SOCKET_CLOSED]
Query[EDHOC_MESSAGE_1 EDHOC_MESSAGE_2|EDHOC_MESSAGE_1 / SOCKET_CLOSED]
Query[EDHOC_MESSAGE_1 EDHOC_MESSAGE_3|EDHOC_MESSAGE_1 / COAP_MESSAGE]
Query[EDHOC_MESSAGE_1 EDHOC_MESSAGE_4|EDHOC_MESSAGE_1 / SOCKET_CLOSED]
Query[EDHOC_MESSAGE_1 EDHOC_ERROR_MESSAGE|EDHOC_MESSAGE_1 / SOCKET_CLOSED]
Query[EDHOC_MESSAGE_1 EDHOC_MESSAGE_3_OSCORE_APP|EDHOC_MESSAGE_1 / SOCKET_CLOSED]
Query[EDHOC_MESSAGE_1 OSCORE_APP_MESSAGE|EDHOC_MESSAGE_1 / SOCKET_CLOSED]
Query[EDHOC_MESSAGE_1 COAP_APP_MESSAGE|EDHOC_MESSAGE_1 / SOCKET_CLOSED]
Query[EDHOC_MESSAGE_1 COAP_EMPTY_MESSAGE|EDHOC_MESSAGE_1 / SOCKET_CLOSED]
Query[EDHOC_MESSAGE_2|EDHOC_MESSAGE_1 / SOCKET_CLOSED]
Query[EDHOC_MESSAGE_3|EDHOC_MESSAGE_1 / SOCKET_CLOSED]
Query[EDHOC_MESSAGE_4|EDHOC_MESSAGE_1 / SOCKET_CLOSED]
Query[EDHOC_ERROR_MESSAGE|EDHOC_MESSAGE_1 / SOCKET_CLOSED]
Query[EDHOC_MESSAGE_3_OSCORE_APP|EDHOC_MESSAGE_1 / SOCKET_CLOSED]
Query[OSCORE_APP_MESSAGE|EDHOC_MESSAGE_1 / SOCKET_CLOSED]
Query[COAP_APP_MESSAGE|EDHOC_MESSAGE_1 / SOCKET_CLOSED]
Query[COAP_EMPTY_MESSAGE|EDHOC_MESSAGE_1 / SOCKET_CLOSED]
Query[COAP_EMPTY_MESSAGE COAP_EMPTY_MESSAGE|EDHOC_MESSAGE_1 / SOCKET_CLOSED]
Query[COAP_EMPTY_MESSAGE COAP_APP_MESSAGE|EDHOC_MESSAGE_1 / SOCKET_CLOSED]
Query[COAP_EMPTY_MESSAGE OSCORE_APP_MESSAGE|EDHOC_MESSAGE_1 / SOCKET_CLOSED]
Query[COAP_EMPTY_MESSAGE EDHOC_MESSAGE_3_OSCORE_APP|EDHOC_MESSAGE_1 / SOCKET_CLOSED]
Query[COAP_EMPTY_MESSAGE EDHOC_ERROR_MESSAGE|EDHOC_MESSAGE_1 / SOCKET_CLOSED]
Query[COAP_EMPTY_MESSAGE EDHOC_MESSAGE_4|EDHOC_MESSAGE_1 / SOCKET_CLOSED]
Query[COAP_EMPTY_MESSAGE EDHOC_MESSAGE_3|EDHOC_MESSAGE_1 / SOCKET_CLOSED]
Query[COAP_EMPTY_MESSAGE EDHOC_MESSAGE_2|EDHOC_MESSAGE_1 / SOCKET_CLOSED]
Query[COAP_EMPTY_MESSAGE EDHOC_MESSAGE_1|EDHOC_MESSAGE_1 / SOCKET_CLOSED]
Query[COAP_EMPTY_MESSAGE COAP_EMPTY_MESSAGE|EDHOC_MESSAGE_1 / SOCKET_CLOSED]
Query[COAP_EMPTY_MESSAGE COAP_APP_MESSAGE|EDHOC_MESSAGE_1 / SOCKET_CLOSED]
Query[COAP_EMPTY_MESSAGE OSCORE_APP_MESSAGE|EDHOC_MESSAGE_1 / SOCKET_CLOSED]
Query[COAP_EMPTY_MESSAGE EDHOC_MESSAGE_3_OSCORE_APP|EDHOC_MESSAGE_1 / SOCKET_CLOSED]
Query[COAP_EMPTY_MESSAGE EDHOC_ERROR_MESSAGE|EDHOC_MESSAGE_1 / SOCKET_CLOSED]
Query[COAP_EMPTY_MESSAGE EDHOC_MESSAGE_4|EDHOC_MESSAGE_1 / SOCKET_CLOSED]
Query[COAP_EMPTY_MESSAGE EDHOC_MESSAGE_3|EDHOC_MESSAGE_1 / SOCKET_CLOSED]
Query[COAP_EMPTY_MESSAGE EDHOC_MESSAGE_2|EDHOC_MESSAGE_1 / SOCKET_CLOSED]
Query[COAP_EMPTY_MESSAGE EDHOC_MESSAGE_1|EDHOC_MESSAGE_1 / SOCKET_CLOSED]
Query[EDHOC_MESSAGE_1 EDHOC_MESSAGE_3 COAP_EMPTY_MESSAGE|EDHOC_MESSAGE_1 / COAP_MESSAGE]
Query[EDHOC_MESSAGE_1 EDHOC_MESSAGE_3 COAP_APP_MESSAGE|EDHOC_MESSAGE_1 / COAP_MESSAGE]
Query[EDHOC_MESSAGE_1 EDHOC_MESSAGE_3 OSCORE_APP_MESSAGE|EDHOC_MESSAGE_1 / COAP_MESSAGE]
Query[EDHOC_MESSAGE_1 EDHOC_MESSAGE_3 EDHOC_MESSAGE_3_OSCORE_APP|EDHOC_MESSAGE_1 / COAP_MESSAGE]
Query[EDHOC_MESSAGE_1 EDHOC_MESSAGE_3 EDHOC_ERROR_MESSAGE|EDHOC_MESSAGE_1 / COAP_MESSAGE]
Query[EDHOC_MESSAGE_1 EDHOC_MESSAGE_3 EDHOC_MESSAGE_4|EDHOC_MESSAGE_1 / COAP_MESSAGE]
Query[EDHOC_MESSAGE_1 EDHOC_MESSAGE_3 EDHOC_MESSAGE_3|EDHOC_MESSAGE_1 / COAP_MESSAGE]
Query[EDHOC_MESSAGE_1 EDHOC_MESSAGE_3 EDHOC_MESSAGE_2|EDHOC_MESSAGE_1 / COAP_MESSAGE]
Query[EDHOC_MESSAGE_1 EDHOC_MESSAGE_3 EDHOC_MESSAGE_1|EDHOC_MESSAGE_1 / COAP_MESSAGE]
Query[EDHOC_MESSAGE_1 EDHOC_MESSAGE_3 COAP_EMPTY_MESSAGE|EDHOC_MESSAGE_1 / COAP_MESSAGE]
Query[EDHOC_MESSAGE_1 EDHOC_MESSAGE_3 COAP_APP_MESSAGE|EDHOC_MESSAGE_1 / COAP_MESSAGE]
Query[EDHOC_MESSAGE_1 EDHOC_MESSAGE_3 OSCORE_APP_MESSAGE|EDHOC_MESSAGE_1 / COAP_MESSAGE]
Query[EDHOC_MESSAGE_1 EDHOC_MESSAGE_3 EDHOC_MESSAGE_3_OSCORE_APP|EDHOC_MESSAGE_1 / COAP_MESSAGE]
Query[EDHOC_MESSAGE_1 EDHOC_MESSAGE_3 EDHOC_ERROR_MESSAGE|EDHOC_MESSAGE_1 / COAP_MESSAGE]
Query[EDHOC_MESSAGE_1 EDHOC_MESSAGE_3 EDHOC_MESSAGE_4|EDHOC_MESSAGE_1 / COAP_MESSAGE]
Query[EDHOC_MESSAGE_1 EDHOC_MESSAGE_3 EDHOC_MESSAGE_3|EDHOC_MESSAGE_1 / COAP_MESSAGE]
Query[EDHOC_MESSAGE_1 EDHOC_MESSAGE_3 EDHOC_MESSAGE_2|EDHOC_MESSAGE_1 / COAP_MESSAGE]
Query[EDHOC_MESSAGE_1 EDHOC_MESSAGE_3 EDHOC_MESSAGE_1|EDHOC_MESSAGE_1 / COAP_MESSAGE]
